Arguments: 
  /usr/local/bin/node /usr/local/bin/yarn add react-redux

PATH: 
  /usr/local/bin:/usr/bin:/bin:/usr/sbin:/sbin

Yarn version: 
  1.22.11

Node version: 
  14.17.6

Platform: 
  darwin x64

Trace: 
  Error: https://registry.yarnpkg.com/expo: ETIMEDOUT
      at Timeout._onTimeout (/usr/local/lib/node_modules/yarn/lib/cli.js:141423:19)
      at listOnTimeout (internal/timers.js:557:17)
      at processTimers (internal/timers.js:500:7)

npm manifest: 
  {
    "main": "node_modules/expo/AppEntry.js",
    "scripts": {
      "start": "expo start",
      "android": "expo start --android",
      "ios": "expo start --ios",
      "web": "expo start --web",
      "eject": "expo eject"
    },
    "dependencies": {
      "expo": "~43.0.2",
      "expo-status-bar": "~1.1.0",
      "react": "17.0.1",
      "react-dom": "17.0.1",
      "react-native": "0.64.3",
      "react-native-web": "0.17.1"
    },
    "devDependencies": {
      "@babel/core": "^7.12.9"
    },
    "private": true
  }

yarn manifest: 
  No manifest

Lockfile: 
  No lockfile
